2018-03-19 14:25:42,795 [Worker-4] INFO  c.g.t.t.d.PublishedGradleVersions - Gradle version information cache is out-of-date. Trying to update.
2018-03-19 14:29:52,403 [Worker-0] INFO  c.g.t.t.d.PublishedGradleVersions - Gradle version information cache is up-to-date. Trying to read.
2018-03-20 12:03:29,377 [Worker-9] INFO  c.g.t.t.d.PublishedGradleVersions - Gradle version information cache is up-to-date. Trying to read.
2018-03-20 17:36:50,455 [Start Help Server] INFO  org.eclipse.jetty.util.log - Logging initialized @6606119ms to org.eclipse.jetty.util.log.Slf4jLog
2018-03-20 17:36:50,691 [Start Help Server] INFO  org.eclipse.jetty.server.Server - jetty-9.4.7.v20170914
2018-03-20 17:36:50,732 [Start Help Server] INFO  org.eclipse.jetty.server.session - DefaultSessionIdManager workerName=node0
2018-03-20 17:36:50,732 [Start Help Server] INFO  org.eclipse.jetty.server.session - No SessionScavenger set, using defaults
2018-03-20 17:36:50,735 [Start Help Server] INFO  org.eclipse.jetty.server.session - Scavenging every 660000ms
2018-03-20 17:36:50,782 [Start Help Server] INFO  o.e.j.server.handler.ContextHandler - Started o.e.j.s.ServletContextHandler@3c43191c{/help,null,AVAILABLE}
2018-03-20 17:36:50,798 [Start Help Server] INFO  o.e.jetty.server.AbstractConnector - Started ServerConnector@4d170590{HTTP/1.1,[http/1.1]}{127.0.0.1:60199}
2018-03-20 17:36:50,801 [Start Help Server] INFO  org.eclipse.jetty.server.Server - Started @6606465ms
2018-03-20 18:23:57,565 [Stop Help Server] INFO  o.e.jetty.server.AbstractConnector - Stopped ServerConnector@4d170590{HTTP/1.1,[http/1.1]}{127.0.0.1:0}
2018-03-20 18:23:57,567 [Stop Help Server] INFO  org.eclipse.jetty.server.session - Stopped scavenging
2018-03-20 18:23:57,605 [Stop Help Server] INFO  o.e.j.server.handler.ContextHandler - Stopped o.e.j.s.ServletContextHandler@3c43191c{/help,null,UNAVAILABLE}
2018-03-20 21:44:11,375 [Worker-15] INFO  c.g.t.t.d.PublishedGradleVersions - Gradle version information cache is out-of-date. Trying to update.
2018-03-23 17:00:58,487 [Worker-10] INFO  c.g.t.t.d.PublishedGradleVersions - Gradle version information cache is out-of-date. Trying to update.
2018-03-23 19:32:05,917 [Worker-13] INFO  c.g.t.t.d.PublishedGradleVersions - Gradle version information cache is up-to-date. Trying to read.
2018-03-24 21:11:05,858 [Worker-2] INFO  c.g.t.t.d.PublishedGradleVersions - Gradle version information cache is out-of-date. Trying to update.
2018-04-02 12:59:52,577 [Worker-32] INFO  c.g.t.t.d.PublishedGradleVersions - Gradle version information cache is out-of-date. Trying to update.
2018-04-02 22:25:18,210 [Worker-4] INFO  c.g.t.t.d.PublishedGradleVersions - Gradle version information cache is up-to-date. Trying to read.
2018-04-03 13:37:23,902 [Worker-4] INFO  c.g.t.t.d.PublishedGradleVersions - Gradle version information cache is out-of-date. Trying to update.
2018-04-03 22:16:30,918 [Worker-10] INFO  c.g.t.t.d.PublishedGradleVersions - Gradle version information cache is up-to-date. Trying to read.
2018-04-03 22:18:47,436 [main] WARN  org.eclipse.jgit.util.FS - null
2018-04-05 13:59:29,031 [Worker-2] INFO  c.g.t.t.d.PublishedGradleVersions - Gradle version information cache is out-of-date. Trying to update.
2018-04-05 13:59:29,294 [Worker-17] WARN  org.eclipse.jgit.util.FS - null
2018-04-07 08:14:26,463 [Worker-14] INFO  c.g.t.t.d.PublishedGradleVersions - Gradle version information cache is out-of-date. Trying to update.
2018-04-07 11:56:52,387 [Worker-8] INFO  c.g.t.t.d.PublishedGradleVersions - Gradle version information cache is up-to-date. Trying to read.
